0 info it worked if it ends with ok
1 verbose cli [ '/usr/bin/nodejs', '/usr/bin/npm', 'install', '--save', 'https' ]
2 info using npm@1.3.10
3 info using node@v0.10.25
4 warn package.json http@0.0.0 No repository field.
5 verbose readDependencies using package.json deps
6 verbose cache add [ 'https', null ]
7 verbose cache add name=undefined spec="https" args=["https",null]
8 verbose parsed url { protocol: null,
8 verbose parsed url   slashes: null,
8 verbose parsed url   auth: null,
8 verbose parsed url   host: null,
8 verbose parsed url   port: null,
8 verbose parsed url   hostname: null,
8 verbose parsed url   hash: null,
8 verbose parsed url   search: null,
8 verbose parsed url   query: null,
8 verbose parsed url   pathname: 'https',
8 verbose parsed url   path: 'https',
8 verbose parsed url   href: 'https' }
9 silly lockFile c3437dbc-https https
10 verbose lock https /home/victorqueiroz/.npm/c3437dbc-https.lock
11 silly lockFile c3437dbc-https https
12 silly lockFile c3437dbc-https https
13 verbose addNamed [ 'https', '' ]
14 verbose addNamed [ null, '*' ]
15 silly lockFile 421d451a-https https@
16 verbose lock https@ /home/victorqueiroz/.npm/421d451a-https.lock
17 silly addNameRange { name: 'https', range: '*', hasData: false }
18 verbose url raw https
19 verbose url resolving [ 'http://registry.npmjs.org/', './https' ]
20 verbose url resolved http://registry.npmjs.org/https
21 info trying registry request attempt 1 at 14:09:09
22 http GET http://registry.npmjs.org/https
23 http 404 http://registry.npmjs.org/https
24 silly registry.get cb [ 404,
24 silly registry.get   { server: 'CouchDB/1.5.0 (Erlang OTP/R16B03)',
24 silly registry.get     'content-type': 'application/json',
24 silly registry.get     'cache-control': 'max-age=0',
24 silly registry.get     'content-length': '52',
24 silly registry.get     'accept-ranges': 'bytes',
24 silly registry.get     date: 'Fri, 25 Jul 2014 17:09:10 GMT',
24 silly registry.get     via: '1.1 varnish',
24 silly registry.get     age: '0',
24 silly registry.get     connection: 'keep-alive',
24 silly registry.get     'x-served-by': 'cache-at50-ATL',
24 silly registry.get     'x-cache': 'MISS',
24 silly registry.get     'x-cache-hits': '0',
24 silly registry.get     'x-timer': 'S1406308149.980044,VS0,VE74' } ]
25 silly lockFile 421d451a-https https@
26 silly lockFile 421d451a-https https@
27 error 404 'https' is not in the npm registry.
27 error 404 You should bug the author to publish it
27 error 404
27 error 404 Note that you can also install from a
27 error 404 tarball, folder, or http url, or git url.
28 error System Linux 3.13.0-32-generic
29 error command "/usr/bin/nodejs" "/usr/bin/npm" "install" "--save" "https"
30 error cwd /home/victorqueiroz/public_html/mean-seed
31 error node -v v0.10.25
32 error npm -v 1.3.10
33 error code E404
34 verbose exit [ 1, true ]
